0 info it worked if it ends with ok
1 verbose cli [ 'D:\\nodeJS\\node.exe',
1 verbose cli   'C:\\Users\\asus-pc\\AppData\\Roaming\\npm\\node_modules\\npm\\bin\\npm-cli.js',
1 verbose cli   'start' ]
2 info using npm@3.10.6
3 info using node@v4.1.0
4 verbose run-script [ 'prestart', 'start', 'poststart' ]
5 info lifecycle vue-test@1.0.0~prestart: vue-test@1.0.0
6 silly lifecycle vue-test@1.0.0~prestart: no script for prestart, continuing
7 info lifecycle vue-test@1.0.0~start: vue-test@1.0.0
8 verbose lifecycle vue-test@1.0.0~start: unsafe-perm in lifecycle true
9 verbose lifecycle vue-test@1.0.0~start: PATH: C:\Users\asus-pc\AppData\Roaming\npm\node_modules\npm\bin\node-gyp-bin;D:\Github\course-assist\app\node_modules\.bin;D:\Python 3.5.2\Scripts\;D:\Python 3.5.2\;C:\ProgramData\Oracle\Java\javapath;C:\Program Files\Java\jdk1.8.0_31\bin;C:\Program Files\Java\jdk1.8.0_31/jre/bin;C:\WINDOWS\system32;C:\WINDOWS;C:\WINDOWS\System32\Wbem;C:\WINDOWS\System32\WindowsPowerShell\v1.0\;C:\Program Files (x86)\NVIDIA Corporation\PhysX\Common;D:\nodeJS\;D:\Git\cmd;C:\Program Files (x86)\Windows Kits\8.1\Windows Performance Toolkit\;C:\Program Files\Java\jdk1.8.0_31\tools;C:\Program Files\Java\jdk1.8.0_31\platform-tools;D:\apache-ant-1.9.4-bin\apache-ant-1.9.4\bin;D:\Android SDK\docs\sdk;D:\Qt5.7\5.7\msvc2013_64\bin;D:\Qt5.7\Tools\QtCreator\bin;C:\Program Files (x86)\GtkSharp\2.12\bin;C:\Users\asus-pc\AppData\Roaming\npm;D:\ssh;D:\phantomjs\phantomjs\bin;D:\Android SDK\docs\sdk;D:\Android SDK\tools;D:\Android SDK\platform-tools;D:\apache-ant-1.9.4-bin\apache-ant-1.9.4\bin;D:\Microsoft VS Code\bin
10 verbose lifecycle vue-test@1.0.0~start: CWD: D:\Github\course-assist\app
11 silly lifecycle vue-test@1.0.0~start: Args: [ '/d /s /c', 'webpack-dev-server --hot --inline --port 8080' ]
12 silly lifecycle vue-test@1.0.0~start: Returned: code: 1  signal: null
13 info lifecycle vue-test@1.0.0~start: Failed to exec start script
14 verbose stack Error: vue-test@1.0.0 start: `webpack-dev-server --hot --inline --port 8080`
14 verbose stack Exit status 1
14 verbose stack     at EventEmitter.<anonymous> (C:\Users\asus-pc\AppData\Roaming\npm\node_modules\npm\lib\utils\lifecycle.js:255:16)
14 verbose stack     at emitTwo (events.js:87:13)
14 verbose stack     at EventEmitter.emit (events.js:172:7)
14 verbose stack     at ChildProcess.<anonymous> (C:\Users\asus-pc\AppData\Roaming\npm\node_modules\npm\lib\utils\spawn.js:40:14)
14 verbose stack     at emitTwo (events.js:87:13)
14 verbose stack     at ChildProcess.emit (events.js:172:7)
14 verbose stack     at maybeClose (internal/child_process.js:817:16)
14 verbose stack     at Process.ChildProcess._handle.onexit (internal/child_process.js:211:5)
15 verbose pkgid vue-test@1.0.0
16 verbose cwd D:\Github\course-assist\app
17 error Windows_NT 10.0.10240
18 error argv "D:\\nodeJS\\node.exe" "C:\\Users\\asus-pc\\AppData\\Roaming\\npm\\node_modules\\npm\\bin\\npm-cli.js" "start"
19 error node v4.1.0
20 error npm  v3.10.6
21 error code ELIFECYCLE
22 error vue-test@1.0.0 start: `webpack-dev-server --hot --inline --port 8080`
22 error Exit status 1
23 error Failed at the vue-test@1.0.0 start script 'webpack-dev-server --hot --inline --port 8080'.
23 error Make sure you have the latest version of node.js and npm installed.
23 error If you do, this is most likely a problem with the vue-test package,
23 error not with npm itself.
23 error Tell the author that this fails on your system:
23 error     webpack-dev-server --hot --inline --port 8080
23 error You can get information on how to open an issue for this project with:
23 error     npm bugs vue-test
23 error Or if that isn't available, you can get their info via:
23 error     npm owner ls vue-test
23 error There is likely additional logging output above.
24 verbose exit [ 1, true ]
